[2025-07-20T14:32:05.178Z] LOGIN: Admin logged in
[2025-07-20T14:32:57.153Z] ADD_EVACUEE: Name=test user, DOB=2000-01-01, Shelter=test shelter
[2025-07-20T14:33:11.878Z] ADD_SHELTER: Name=test shelter, Address=123 test ave
[2025-07-20T19:04:46.107Z] USER_LOGIN: User logged in
[2025-07-20T19:07:45.743Z] LOGIN: Admin logged in
[2025-07-20T19:08:00.463Z] USER_LOGIN: User logged in
[2025-07-20T19:16:03.210Z] USER_LOGIN: User logged in
[2025-07-20T19:18:45.867Z] ADD_EVACUEE: Name=alex stone, DOB=1990-05-15, Shelter=shelter A
[2025-07-20T19:19:09.186Z] ADD_EVACUEE: Name=Jamie Lee, DOB=1982-11-03, Shelter=Shelter B
[2025-07-20T19:19:26.237Z] ADD_EVACUEE: Name=Chris Moon, DOB=2001-01-01, Shelter=Shelter C
[2025-07-20T19:19:49.451Z] ADD_EVACUEE: Name=Taylor Ray, DOB=2012-08-21, Shelter=Shelter D
[2025-07-20T19:21:56.494Z] USER_LOGIN: User logged in
[2025-07-20T19:22:10.020Z] USER_LOGIN: User logged in
[2025-07-20T19:22:24.704Z] USER_LOGIN: User logged in
[2025-07-20T19:23:09.541Z] ADD_EVACUEE: Name=Jamie Lee, DOB=1982-11-03, Shelter=Shelter B
[2025-07-20T19:23:27.348Z] ADD_EVACUEE: Name=Alex Stone, DOB=1990-05-15, Shelter=Shelter A
[2025-07-20T19:23:47.775Z] ADD_EVACUEE: Name=Chris Moon, DOB=2001-01-01, Shelter=Shelter C
[2025-07-20T19:24:02.266Z] ADD_EVACUEE: Name=Taylor Ray, DOB=2012-08-21, Shelter=Shelter D
[2025-07-20T19:24:20.320Z] USER_LOGIN: User logged in
[2025-07-20T19:24:30.400Z] USER_LOGIN: User logged in
[2025-07-20T19:24:39.500Z] USER_LOGIN: User logged in
[2025-07-20T19:31:10.099Z] USER_LOGIN: User logged in
[2025-07-20T19:32:39.493Z] USER_LOGIN: User logged in
[2025-07-20T19:45:06.769Z] USER_LOGIN: User logged in
[2025-07-20T19:46:26.781Z] LOGIN: Admin logged in
[2025-07-25T17:36:55.723Z] USER_LOGIN: User logged in
[2025-07-25T17:38:02.014Z] USER_LOGIN: User logged in
[2025-07-25T17:51:11.889Z] USER_LOGIN: User logged in
[2025-07-25T18:07:29.301Z] USER_LOGIN: User logged in
[2025-07-25T18:08:13.022Z] LOGIN: Admin logged in
